<?xml version="1.0" encoding="UTF-8" ?>
<testsuite tests="28" failures="0" name="test.testRunner" time="171.625" errors="0" skipped="0">
  <properties>
[...]
</properties>
  <testcase classname="| Unsuccessful | invalid | invalid | cannot |" name="Given A invalid username" time="0.002"/>
  <testcase classname="| Unsuccessful | invalid | invalid | cannot |" name="And A invalid password" time="0"/>
  <testcase classname="| Unsuccessful | invalid | invalid | cannot |" name="When I submit the credentials" time="0"/>
  <testcase classname="| Unsuccessful | invalid | invalid | cannot |" name="Then I cannot login" time="0"/>
  <testcase classname="| Unsuccessful | invalid | invalid | cannot |" name="| Unsuccessful | invalid | invalid | cannot |" time="0"/>
  <testcase classname="| Successful | valid | valid | can |" name="Given A valid username" time="0"/>
  <testcase classname="| Successful | valid | valid | can |" name="And A valid password" time="0"/>
  <testcase classname="| Successful | valid | valid | can |" name="When I submit the credentials" time="0"/>
  <testcase classname="| Successful | valid | valid | can |" name="Then I can login" time="0"/>
  <testcase classname="| Successful | valid | valid | can |" name="| Successful | valid | valid | can |" time="0.001"/>
  <testcase classname="| create | create | create | create |" name="Given A user that wants to create a textnote" time="0"/>
  <testcase classname="| create | create | create | create |" name="When I create a textnote" time="0"/>
  <testcase classname="| create | create | create | create |" name="Then it will create the textnote" time="0"/>
  <testcase classname="| create | create | create | create |" name="| create | create | create | create |" time="0"/>
  <testcase classname="| edit | edit | edit | edit |" name="Given A user that wants to edit a textnote" time="0"/>
  <testcase classname="| edit | edit | edit | edit |" name="When I edit a textnote" time="0"/>
  <testcase classname="| edit | edit | edit | edit |" name="Then it will edit the textnote" time="0"/>
  <testcase classname="| edit | edit | edit | edit |" name="| edit | edit | edit | edit |" time="0"/>
  <testcase classname="| delete | delete | delete | delete |" name="Given A user that wants to delete a textnote" time="0"/>
  <testcase classname="| delete | delete | delete | delete |" name="When I delete a textnote" time="0"/>
  <testcase classname="| delete | delete | delete | delete |" name="Then it will delete the textnote" time="0"/>
  <testcase classname="| delete | delete | delete | delete |" name="| delete | delete | delete | delete |" time="0"/>
  <testcase classname="Scenario: logout" name="Given a user already logged in" time="0"/>
  <testcase classname="Scenario: logout" name="When I go to settings" time="0"/>
  <testcase classname="Scenario: logout" name="And go to account information" time="0"/>
  <testcase classname="Scenario: logout" name="And tap logout" time="0"/>
  <testcase classname="Scenario: logout" name="Then I can logout successfully" time="0"/>
  <testcase classname="Scenario: logout" name="Scenario: logout" time="0"/>
</testsuite>