<?xml version="1.0" encoding="UTF-8" ?>
<testsuite tests="16" failures="0" name="test.testRunner" time="150.882" errors="4" skipped="6">
  <properties>
[...]
</properties>
  <testcase classname="| Unsuccessful | invalid | invalid | cannot |" name="Given A invalid username" time="0.016"/>
  <testcase classname="| Unsuccessful | invalid | invalid | cannot |" name="And A invalid password" time="0"/>
  <testcase classname="| Unsuccessful | invalid | invalid | cannot |" name="When I submit the credentials" time="0"/>
  <testcase classname="| Unsuccessful | invalid | invalid | cannot |" name="Then I cannot login" time="0"/>
  <testcase classname="| Unsuccessful | invalid | invalid | cannot |" name="| Unsuccessful | invalid | invalid | cannot |" time="0"/>
  <testcase classname="| Successful | valid | valid | can |" name="Given A valid username" time="0.018">
    <error message="An element could not be located on the page using the given search parameters. (WARNING: The server did not provide any stacktrace information)
Command duration or timeout: 27.35 seconds
For documentation on this error, please visit: http://seleniumhq.org/exceptions/no_such_element.html
Build info: version: &apos;3.4.0&apos;, revision: &apos;unknown&apos;, time: &apos;unknown&apos;
System info: host: &apos;DESKTOP-JK77KIE&apos;, ip: &apos;192.168.52.2&apos;, os.name: &apos;Windows 10&apos;, os.arch: &apos;amd64&apos;, os.version: &apos;10.0&apos;, java.version: &apos;1.8.0_131&apos;
Driver info: io.appium.java_client.android.AndroidDriver
Capabilities [{app=C:\Users\Walter\Desktop\Mocha + Cucumber\Evernote\Backup\evernoteTest/src/main/resources/Evernote.apk, appPackage=com.evernote, deviceScreenSize=1440x2560, networkConnectionEnabled=true, warnings={}, appWaitPackage=com.evernote, appWaitActivity=com.evernote.ui.HomeActivity, databaseEnabled=false, deviceName=ce0716079d5e2a1905, platform=LINUX, deviceUDID=ce0716079d5e2a1905, appActivity=com.evernote.ui.HomeActivity, desired={app=C:\Users\Walter\Desktop\Mocha + Cucumber\Evernote\Backup\evernoteTest/src/main/resources/Evernote.apk, platformVersion=7.0, platformName=Android, deviceName=ce0716079d5e2a1905}, platformVersion=7.0, webStorageEnabled=false, locationContextEnabled=false, takesScreenshot=true, javascriptEnabled=true, deviceModel=SM-G930F, platformName=Android, deviceManufacturer=samsung}]
Session ID: 6da1a7de-4f04-44ce-a062-97f97d5b2299
*** Element info: {Using=id, value=com.evernote:id/landing_email}" type="org.openqa.selenium.NoSuchElementException">org.openqa.selenium.NoSuchElementException: An element could not be located on the page using the given search parameters. (WARNING: The server did not provide any stacktrace information)
Command duration or timeout: 27.35 seconds
For documentation on this error, please visit: http://seleniumhq.org/exceptions/no_such_element.html
Build info: version: &apos;3.4.0&apos;, revision: &apos;unknown&apos;, time: &apos;unknown&apos;
System info: host: &apos;DESKTOP-JK77KIE&apos;, ip: &apos;192.168.52.2&apos;, os.name: &apos;Windows 10&apos;, os.arch: &apos;amd64&apos;, os.version: &apos;10.0&apos;, java.version: &apos;1.8.0_131&apos;
Driver info: io.appium.java_client.android.AndroidDriver
Capabilities [{app=C:\Users\Walter\Desktop\Mocha + Cucumber\Evernote\Backup\evernoteTest/src/main/resources/Evernote.apk, appPackage=com.evernote, deviceScreenSize=1440x2560, networkConnectionEnabled=true, warnings={}, appWaitPackage=com.evernote, appWaitActivity=com.evernote.ui.HomeActivity, databaseEnabled=false, deviceName=ce0716079d5e2a1905, platform=LINUX, deviceUDID=ce0716079d5e2a1905, appActivity=com.evernote.ui.HomeActivity, desired={app=C:\Users\Walter\Desktop\Mocha + Cucumber\Evernote\Backup\evernoteTest/src/main/resources/Evernote.apk, platformVersion=7.0, platformName=Android, deviceName=ce0716079d5e2a1905}, platformVersion=7.0, webStorageEnabled=false, locationContextEnabled=false, takesScreenshot=true, javascriptEnabled=true, deviceModel=SM-G930F, platformName=Android, deviceManufacturer=samsung}]
Session ID: 6da1a7de-4f04-44ce-a062-97f97d5b2299
*** Element info: {Using=id, value=com.evernote:id/landing_email}
	at sun.reflect.NativeConstructorAccessorImpl.newInstance0(Native Method)
	at sun.reflect.NativeConstructorAccessorImpl.newInstance(NativeConstructorAccessorImpl.java:62)
	at sun.reflect.DelegatingConstructorAccessorImpl.newInstance(DelegatingConstructorAccessorImpl.java:45)
	at java.lang.reflect.Constructor.newInstance(Constructor.java:423)
	at org.openqa.selenium.remote.ErrorHandler.createThrowable(ErrorHandler.java:215)
	at org.openqa.selenium.remote.ErrorHandler.throwIfResponseFailed(ErrorHandler.java:167)
	at org.openqa.selenium.remote.RemoteWebDriver.execute(RemoteWebDriver.java:671)
	at io.appium.java_client.DefaultGenericMobileDriver.execute(DefaultGenericMobileDriver.java:42)
	at io.appium.java_client.AppiumDriver.execute(AppiumDriver.java:1)
	at io.appium.java_client.android.AndroidDriver.execute(AndroidDriver.java:1)
	at org.openqa.selenium.remote.RemoteWebDriver.findElement(RemoteWebDriver.java:410)
	at io.appium.java_client.DefaultGenericMobileDriver.findElement(DefaultGenericMobileDriver.java:62)
	at io.appium.java_client.AppiumDriver.findElement(AppiumDriver.java:1)
	at io.appium.java_client.android.AndroidDriver.findElement(AndroidDriver.java:1)
	at org.openqa.selenium.remote.RemoteWebDriver.findElementById(RemoteWebDriver.java:453)
	at io.appium.java_client.DefaultGenericMobileDriver.findElementById(DefaultGenericMobileDriver.java:70)
	at io.appium.java_client.AppiumDriver.findElementById(AppiumDriver.java:1)
	at io.appium.java_client.android.AndroidDriver.findElementById(AndroidDriver.java:1)
	at org.openqa.selenium.By$ById.findElement(By.java:218)
	at org.openqa.selenium.remote.RemoteWebDriver.findElement(RemoteWebDriver.java:402)
	at io.appium.java_client.DefaultGenericMobileDriver.findElement(DefaultGenericMobileDriver.java:58)
	at io.appium.java_client.AppiumDriver.findElement(AppiumDriver.java:1)
	at io.appium.java_client.android.AndroidDriver.findElement(AndroidDriver.java:1)
	at test.scripts.Login.A_something_username(Login.java:38)
	at ✽.Given A valid username(01Login.feature:5)
</error>
    <system-out>
  @Login
  Scenario Outline: Unsuccessful login &amp;#27;[90m# 01Login.feature:13&amp;#27;[0m
    &amp;#27;[32mGiven &amp;#27;[0m&amp;#27;[32mA &amp;#27;[0m&amp;#27;[32m&amp;#27;[1minvalid&amp;#27;[0m&amp;#27;[32m username&amp;#27;[0m           &amp;#27;[90m# Login.A_something_username(String)&amp;#27;[0m
    &amp;#27;[32mAnd &amp;#27;[0m&amp;#27;[32mA &amp;#27;[0m&amp;#27;[32m&amp;#27;[1minvalid&amp;#27;[0m&amp;#27;[32m password&amp;#27;[0m             &amp;#27;[90m# Login.A_something_password(String)&amp;#27;[0m
    &amp;#27;[32mWhen &amp;#27;[0m&amp;#27;[32mI submit the credentials&amp;#27;[0m      &amp;#27;[90m# Login.I_submit_the_credentials()&amp;#27;[0m
    &amp;#27;[32mThen &amp;#27;[0m&amp;#27;[32mI &amp;#27;[0m&amp;#27;[32m&amp;#27;[1mcannot&amp;#27;[0m&amp;#27;[32m login&amp;#27;[0m                &amp;#27;[90m# Login.I_something_login(String)&amp;#27;[0m
</system-out>
  </testcase>
  <testcase classname="| Successful | valid | valid | can |" name="| Successful | valid | valid | can |" time="0.018">
    <error message="An element could not be located on the page using the given search parameters. (WARNING: The server did not provide any stacktrace information)
Command duration or timeout: 27.35 seconds
For documentation on this error, please visit: http://seleniumhq.org/exceptions/no_such_element.html
Build info: version: &apos;3.4.0&apos;, revision: &apos;unknown&apos;, time: &apos;unknown&apos;
System info: host: &apos;DESKTOP-JK77KIE&apos;, ip: &apos;192.168.52.2&apos;, os.name: &apos;Windows 10&apos;, os.arch: &apos;amd64&apos;, os.version: &apos;10.0&apos;, java.version: &apos;1.8.0_131&apos;
Driver info: io.appium.java_client.android.AndroidDriver
Capabilities [{app=C:\Users\Walter\Desktop\Mocha + Cucumber\Evernote\Backup\evernoteTest/src/main/resources/Evernote.apk, appPackage=com.evernote, deviceScreenSize=1440x2560, networkConnectionEnabled=true, warnings={}, appWaitPackage=com.evernote, appWaitActivity=com.evernote.ui.HomeActivity, databaseEnabled=false, deviceName=ce0716079d5e2a1905, platform=LINUX, deviceUDID=ce0716079d5e2a1905, appActivity=com.evernote.ui.HomeActivity, desired={app=C:\Users\Walter\Desktop\Mocha + Cucumber\Evernote\Backup\evernoteTest/src/main/resources/Evernote.apk, platformVersion=7.0, platformName=Android, deviceName=ce0716079d5e2a1905}, platformVersion=7.0, webStorageEnabled=false, locationContextEnabled=false, takesScreenshot=true, javascriptEnabled=true, deviceModel=SM-G930F, platformName=Android, deviceManufacturer=samsung}]
Session ID: 6da1a7de-4f04-44ce-a062-97f97d5b2299
*** Element info: {Using=id, value=com.evernote:id/landing_email}" type="org.openqa.selenium.NoSuchElementException">org.openqa.selenium.NoSuchElementException: An element could not be located on the page using the given search parameters. (WARNING: The server did not provide any stacktrace information)
Command duration or timeout: 27.35 seconds
For documentation on this error, please visit: http://seleniumhq.org/exceptions/no_such_element.html
Build info: version: &apos;3.4.0&apos;, revision: &apos;unknown&apos;, time: &apos;unknown&apos;
System info: host: &apos;DESKTOP-JK77KIE&apos;, ip: &apos;192.168.52.2&apos;, os.name: &apos;Windows 10&apos;, os.arch: &apos;amd64&apos;, os.version: &apos;10.0&apos;, java.version: &apos;1.8.0_131&apos;
Driver info: io.appium.java_client.android.AndroidDriver
Capabilities [{app=C:\Users\Walter\Desktop\Mocha + Cucumber\Evernote\Backup\evernoteTest/src/main/resources/Evernote.apk, appPackage=com.evernote, deviceScreenSize=1440x2560, networkConnectionEnabled=true, warnings={}, appWaitPackage=com.evernote, appWaitActivity=com.evernote.ui.HomeActivity, databaseEnabled=false, deviceName=ce0716079d5e2a1905, platform=LINUX, deviceUDID=ce0716079d5e2a1905, appActivity=com.evernote.ui.HomeActivity, desired={app=C:\Users\Walter\Desktop\Mocha + Cucumber\Evernote\Backup\evernoteTest/src/main/resources/Evernote.apk, platformVersion=7.0, platformName=Android, deviceName=ce0716079d5e2a1905}, platformVersion=7.0, webStorageEnabled=false, locationContextEnabled=false, takesScreenshot=true, javascriptEnabled=true, deviceModel=SM-G930F, platformName=Android, deviceManufacturer=samsung}]
Session ID: 6da1a7de-4f04-44ce-a062-97f97d5b2299
*** Element info: {Using=id, value=com.evernote:id/landing_email}
	at sun.reflect.NativeConstructorAccessorImpl.newInstance0(Native Method)
	at sun.reflect.NativeConstructorAccessorImpl.newInstance(NativeConstructorAccessorImpl.java:62)
	at sun.reflect.DelegatingConstructorAccessorImpl.newInstance(DelegatingConstructorAccessorImpl.java:45)
	at java.lang.reflect.Constructor.newInstance(Constructor.java:423)
	at org.openqa.selenium.remote.ErrorHandler.createThrowable(ErrorHandler.java:215)
	at org.openqa.selenium.remote.ErrorHandler.throwIfResponseFailed(ErrorHandler.java:167)
	at org.openqa.selenium.remote.RemoteWebDriver.execute(RemoteWebDriver.java:671)
	at io.appium.java_client.DefaultGenericMobileDriver.execute(DefaultGenericMobileDriver.java:42)
	at io.appium.java_client.AppiumDriver.execute(AppiumDriver.java:1)
	at io.appium.java_client.android.AndroidDriver.execute(AndroidDriver.java:1)
	at org.openqa.selenium.remote.RemoteWebDriver.findElement(RemoteWebDriver.java:410)
	at io.appium.java_client.DefaultGenericMobileDriver.findElement(DefaultGenericMobileDriver.java:62)
	at io.appium.java_client.AppiumDriver.findElement(AppiumDriver.java:1)
	at io.appium.java_client.android.AndroidDriver.findElement(AndroidDriver.java:1)
	at org.openqa.selenium.remote.RemoteWebDriver.findElementById(RemoteWebDriver.java:453)
	at io.appium.java_client.DefaultGenericMobileDriver.findElementById(DefaultGenericMobileDriver.java:70)
	at io.appium.java_client.AppiumDriver.findElementById(AppiumDriver.java:1)
	at io.appium.java_client.android.AndroidDriver.findElementById(AndroidDriver.java:1)
	at org.openqa.selenium.By$ById.findElement(By.java:218)
	at org.openqa.selenium.remote.RemoteWebDriver.findElement(RemoteWebDriver.java:402)
	at io.appium.java_client.DefaultGenericMobileDriver.findElement(DefaultGenericMobileDriver.java:58)
	at io.appium.java_client.AppiumDriver.findElement(AppiumDriver.java:1)
	at io.appium.java_client.android.AndroidDriver.findElement(AndroidDriver.java:1)
	at test.scripts.Login.A_something_username(Login.java:38)
	at ✽.Given A valid username(01Login.feature:5)
</error>
  </testcase>
  <testcase classname="| Successful | valid | valid | can |" name="And A valid password" time="0.034">
    <skipped/>
  </testcase>
  <testcase classname="| Successful | valid | valid | can |" name="When I submit the credentials" time="0.034">
    <skipped/>
  </testcase>
  <testcase classname="| Successful | valid | valid | can |" name="Then I can login" time="0.034">
    <skipped/>
  </testcase>
  <testcase classname="Scenario: logout" name="Given a user already logged in" time="0"/>
  <testcase classname="Scenario: logout" name="When I go to settings" time="0.031">
    <error message="An element could not be located on the page using the given search parameters. (WARNING: The server did not provide any stacktrace information)
Command duration or timeout: 21.08 seconds
For documentation on this error, please visit: http://seleniumhq.org/exceptions/no_such_element.html
Build info: version: &apos;3.4.0&apos;, revision: &apos;unknown&apos;, time: &apos;unknown&apos;
System info: host: &apos;DESKTOP-JK77KIE&apos;, ip: &apos;192.168.52.2&apos;, os.name: &apos;Windows 10&apos;, os.arch: &apos;amd64&apos;, os.version: &apos;10.0&apos;, java.version: &apos;1.8.0_131&apos;
Driver info: io.appium.java_client.android.AndroidDriver
Capabilities [{app=C:\Users\Walter\Desktop\Mocha + Cucumber\Evernote\Backup\evernoteTest/src/main/resources/Evernote.apk, appPackage=com.evernote, deviceScreenSize=1440x2560, networkConnectionEnabled=true, warnings={}, appWaitPackage=com.evernote, appWaitActivity=com.evernote.ui.HomeActivity, databaseEnabled=false, deviceName=ce0716079d5e2a1905, platform=LINUX, deviceUDID=ce0716079d5e2a1905, appActivity=com.evernote.ui.HomeActivity, desired={app=C:\Users\Walter\Desktop\Mocha + Cucumber\Evernote\Backup\evernoteTest/src/main/resources/Evernote.apk, platformVersion=7.0, platformName=Android, deviceName=ce0716079d5e2a1905}, platformVersion=7.0, webStorageEnabled=false, locationContextEnabled=false, takesScreenshot=true, javascriptEnabled=true, deviceModel=SM-G930F, platformName=Android, deviceManufacturer=samsung}]
Session ID: 6da1a7de-4f04-44ce-a062-97f97d5b2299
*** Element info: {Using=id, value=com.evernote:id/overflow_icon}" type="org.openqa.selenium.NoSuchElementException">org.openqa.selenium.NoSuchElementException: An element could not be located on the page using the given search parameters. (WARNING: The server did not provide any stacktrace information)
Command duration or timeout: 21.08 seconds
For documentation on this error, please visit: http://seleniumhq.org/exceptions/no_such_element.html
Build info: version: &apos;3.4.0&apos;, revision: &apos;unknown&apos;, time: &apos;unknown&apos;
System info: host: &apos;DESKTOP-JK77KIE&apos;, ip: &apos;192.168.52.2&apos;, os.name: &apos;Windows 10&apos;, os.arch: &apos;amd64&apos;, os.version: &apos;10.0&apos;, java.version: &apos;1.8.0_131&apos;
Driver info: io.appium.java_client.android.AndroidDriver
Capabilities [{app=C:\Users\Walter\Desktop\Mocha + Cucumber\Evernote\Backup\evernoteTest/src/main/resources/Evernote.apk, appPackage=com.evernote, deviceScreenSize=1440x2560, networkConnectionEnabled=true, warnings={}, appWaitPackage=com.evernote, appWaitActivity=com.evernote.ui.HomeActivity, databaseEnabled=false, deviceName=ce0716079d5e2a1905, platform=LINUX, deviceUDID=ce0716079d5e2a1905, appActivity=com.evernote.ui.HomeActivity, desired={app=C:\Users\Walter\Desktop\Mocha + Cucumber\Evernote\Backup\evernoteTest/src/main/resources/Evernote.apk, platformVersion=7.0, platformName=Android, deviceName=ce0716079d5e2a1905}, platformVersion=7.0, webStorageEnabled=false, locationContextEnabled=false, takesScreenshot=true, javascriptEnabled=true, deviceModel=SM-G930F, platformName=Android, deviceManufacturer=samsung}]
Session ID: 6da1a7de-4f04-44ce-a062-97f97d5b2299
*** Element info: {Using=id, value=com.evernote:id/overflow_icon}
	at sun.reflect.NativeConstructorAccessorImpl.newInstance0(Native Method)
	at sun.reflect.NativeConstructorAccessorImpl.newInstance(NativeConstructorAccessorImpl.java:62)
	at sun.reflect.DelegatingConstructorAccessorImpl.newInstance(DelegatingConstructorAccessorImpl.java:45)
	at java.lang.reflect.Constructor.newInstance(Constructor.java:423)
	at org.openqa.selenium.remote.ErrorHandler.createThrowable(ErrorHandler.java:215)
	at org.openqa.selenium.remote.ErrorHandler.throwIfResponseFailed(ErrorHandler.java:167)
	at org.openqa.selenium.remote.RemoteWebDriver.execute(RemoteWebDriver.java:671)
	at io.appium.java_client.DefaultGenericMobileDriver.execute(DefaultGenericMobileDriver.java:42)
	at io.appium.java_client.AppiumDriver.execute(AppiumDriver.java:1)
	at io.appium.java_client.android.AndroidDriver.execute(AndroidDriver.java:1)
	at org.openqa.selenium.remote.RemoteWebDriver.findElement(RemoteWebDriver.java:410)
	at io.appium.java_client.DefaultGenericMobileDriver.findElement(DefaultGenericMobileDriver.java:62)
	at io.appium.java_client.AppiumDriver.findElement(AppiumDriver.java:1)
	at io.appium.java_client.android.AndroidDriver.findElement(AndroidDriver.java:1)
	at org.openqa.selenium.remote.RemoteWebDriver.findElementById(RemoteWebDriver.java:453)
	at io.appium.java_client.DefaultGenericMobileDriver.findElementById(DefaultGenericMobileDriver.java:70)
	at io.appium.java_client.AppiumDriver.findElementById(AppiumDriver.java:1)
	at io.appium.java_client.android.AndroidDriver.findElementById(AndroidDriver.java:1)
	at test.scripts.Logout.I_go_to_settings(Logout.java:42)
	at ✽.When I go to settings(02Logout.feature:6)
</error>
  </testcase>
  <testcase classname="Scenario: logout" name="Scenario: logout" time="0.031">
    <error message="An element could not be located on the page using the given search parameters. (WARNING: The server did not provide any stacktrace information)
Command duration or timeout: 21.08 seconds
For documentation on this error, please visit: http://seleniumhq.org/exceptions/no_such_element.html
Build info: version: &apos;3.4.0&apos;, revision: &apos;unknown&apos;, time: &apos;unknown&apos;
System info: host: &apos;DESKTOP-JK77KIE&apos;, ip: &apos;192.168.52.2&apos;, os.name: &apos;Windows 10&apos;, os.arch: &apos;amd64&apos;, os.version: &apos;10.0&apos;, java.version: &apos;1.8.0_131&apos;
Driver info: io.appium.java_client.android.AndroidDriver
Capabilities [{app=C:\Users\Walter\Desktop\Mocha + Cucumber\Evernote\Backup\evernoteTest/src/main/resources/Evernote.apk, appPackage=com.evernote, deviceScreenSize=1440x2560, networkConnectionEnabled=true, warnings={}, appWaitPackage=com.evernote, appWaitActivity=com.evernote.ui.HomeActivity, databaseEnabled=false, deviceName=ce0716079d5e2a1905, platform=LINUX, deviceUDID=ce0716079d5e2a1905, appActivity=com.evernote.ui.HomeActivity, desired={app=C:\Users\Walter\Desktop\Mocha + Cucumber\Evernote\Backup\evernoteTest/src/main/resources/Evernote.apk, platformVersion=7.0, platformName=Android, deviceName=ce0716079d5e2a1905}, platformVersion=7.0, webStorageEnabled=false, locationContextEnabled=false, takesScreenshot=true, javascriptEnabled=true, deviceModel=SM-G930F, platformName=Android, deviceManufacturer=samsung}]
Session ID: 6da1a7de-4f04-44ce-a062-97f97d5b2299
*** Element info: {Using=id, value=com.evernote:id/overflow_icon}" type="org.openqa.selenium.NoSuchElementException">org.openqa.selenium.NoSuchElementException: An element could not be located on the page using the given search parameters. (WARNING: The server did not provide any stacktrace information)
Command duration or timeout: 21.08 seconds
For documentation on this error, please visit: http://seleniumhq.org/exceptions/no_such_element.html
Build info: version: &apos;3.4.0&apos;, revision: &apos;unknown&apos;, time: &apos;unknown&apos;
System info: host: &apos;DESKTOP-JK77KIE&apos;, ip: &apos;192.168.52.2&apos;, os.name: &apos;Windows 10&apos;, os.arch: &apos;amd64&apos;, os.version: &apos;10.0&apos;, java.version: &apos;1.8.0_131&apos;
Driver info: io.appium.java_client.android.AndroidDriver
Capabilities [{app=C:\Users\Walter\Desktop\Mocha + Cucumber\Evernote\Backup\evernoteTest/src/main/resources/Evernote.apk, appPackage=com.evernote, deviceScreenSize=1440x2560, networkConnectionEnabled=true, warnings={}, appWaitPackage=com.evernote, appWaitActivity=com.evernote.ui.HomeActivity, databaseEnabled=false, deviceName=ce0716079d5e2a1905, platform=LINUX, deviceUDID=ce0716079d5e2a1905, appActivity=com.evernote.ui.HomeActivity, desired={app=C:\Users\Walter\Desktop\Mocha + Cucumber\Evernote\Backup\evernoteTest/src/main/resources/Evernote.apk, platformVersion=7.0, platformName=Android, deviceName=ce0716079d5e2a1905}, platformVersion=7.0, webStorageEnabled=false, locationContextEnabled=false, takesScreenshot=true, javascriptEnabled=true, deviceModel=SM-G930F, platformName=Android, deviceManufacturer=samsung}]
Session ID: 6da1a7de-4f04-44ce-a062-97f97d5b2299
*** Element info: {Using=id, value=com.evernote:id/overflow_icon}
	at sun.reflect.NativeConstructorAccessorImpl.newInstance0(Native Method)
	at sun.reflect.NativeConstructorAccessorImpl.newInstance(NativeConstructorAccessorImpl.java:62)
	at sun.reflect.DelegatingConstructorAccessorImpl.newInstance(DelegatingConstructorAccessorImpl.java:45)
	at java.lang.reflect.Constructor.newInstance(Constructor.java:423)
	at org.openqa.selenium.remote.ErrorHandler.createThrowable(ErrorHandler.java:215)
	at org.openqa.selenium.remote.ErrorHandler.throwIfResponseFailed(ErrorHandler.java:167)
	at org.openqa.selenium.remote.RemoteWebDriver.execute(RemoteWebDriver.java:671)
	at io.appium.java_client.DefaultGenericMobileDriver.execute(DefaultGenericMobileDriver.java:42)
	at io.appium.java_client.AppiumDriver.execute(AppiumDriver.java:1)
	at io.appium.java_client.android.AndroidDriver.execute(AndroidDriver.java:1)
	at org.openqa.selenium.remote.RemoteWebDriver.findElement(RemoteWebDriver.java:410)
	at io.appium.java_client.DefaultGenericMobileDriver.findElement(DefaultGenericMobileDriver.java:62)
	at io.appium.java_client.AppiumDriver.findElement(AppiumDriver.java:1)
	at io.appium.java_client.android.AndroidDriver.findElement(AndroidDriver.java:1)
	at org.openqa.selenium.remote.RemoteWebDriver.findElementById(RemoteWebDriver.java:453)
	at io.appium.java_client.DefaultGenericMobileDriver.findElementById(DefaultGenericMobileDriver.java:70)
	at io.appium.java_client.AppiumDriver.findElementById(AppiumDriver.java:1)
	at io.appium.java_client.android.AndroidDriver.findElementById(AndroidDriver.java:1)
	at test.scripts.Logout.I_go_to_settings(Logout.java:42)
	at ✽.When I go to settings(02Logout.feature:6)
</error>
  </testcase>
  <testcase classname="Scenario: logout" name="And go to account information" time="0.031">
    <skipped/>
  </testcase>
  <testcase classname="Scenario: logout" name="And tap logout" time="0.031">
    <skipped/>
  </testcase>
  <testcase classname="Scenario: logout" name="Then I can logout successfully" time="0.031">
    <skipped/>
  </testcase>
</testsuite>