-------------------------------------------------------------------------------
Test set: test.testRunner
-------------------------------------------------------------------------------
Tests run: 16, Failures: 0, Errors: 4, Skipped: 6, Time elapsed: 150.882 sec <<< FAILURE!
Given A valid username(| Successful | valid | valid | can |)  Time elapsed: 0.018 sec  <<< ERROR!
org.openqa.selenium.NoSuchElementException: An element could not be located on the page using the given search parameters. (WARNING: The server did not provide any stacktrace information)
Command duration or timeout: 27.35 seconds
For documentation on this error, please visit: http://seleniumhq.org/exceptions/no_such_element.html
Build info: version: '3.4.0', revision: 'unknown', time: 'unknown'
System info: host: 'DESKTOP-JK77KIE', ip: '192.168.52.2', os.name: 'Windows 10', os.arch: 'amd64', os.version: '10.0', java.version: '1.8.0_131'
Driver info: io.appium.java_client.android.AndroidDriver
Capabilities [{app=C:\Users\Walter\Desktop\Mocha + Cucumber\Evernote\Backup\evernoteTest/src/main/resources/Evernote.apk, appPackage=com.evernote, deviceScreenSize=1440x2560, networkConnectionEnabled=true, warnings={}, appWaitPackage=com.evernote, appWaitActivity=com.evernote.ui.HomeActivity, databaseEnabled=false, deviceName=ce0716079d5e2a1905, platform=LINUX, deviceUDID=ce0716079d5e2a1905, appActivity=com.evernote.ui.HomeActivity, desired={app=C:\Users\Walter\Desktop\Mocha + Cucumber\Evernote\Backup\evernoteTest/src/main/resources/Evernote.apk, platformVersion=7.0, platformName=Android, deviceName=ce0716079d5e2a1905}, platformVersion=7.0, webStorageEnabled=false, locationContextEnabled=false, takesScreenshot=true, javascriptEnabled=true, deviceModel=SM-G930F, platformName=Android, deviceManufacturer=samsung}]
Session ID: 6da1a7de-4f04-44ce-a062-97f97d5b2299
*** Element info: {Using=id, value=com.evernote:id/landing_email}
	at sun.reflect.NativeConstructorAccessorImpl.newInstance0(Native Method)
	at sun.reflect.NativeConstructorAccessorImpl.newInstance(NativeConstructorAccessorImpl.java:62)
	at sun.reflect.DelegatingConstructorAccessorImpl.newInstance(DelegatingConstructorAccessorImpl.java:45)
	at java.lang.reflect.Constructor.newInstance(Constructor.java:423)
	at org.openqa.selenium.remote.ErrorHandler.createThrowable(ErrorHandler.java:215)
	at org.openqa.selenium.remote.ErrorHandler.throwIfResponseFailed(ErrorHandler.java:167)
	at org.openqa.selenium.remote.RemoteWebDriver.execute(RemoteWebDriver.java:671)
	at io.appium.java_client.DefaultGenericMobileDriver.execute(DefaultGenericMobileDriver.java:42)
	at io.appium.java_client.AppiumDriver.execute(AppiumDriver.java:1)
	at io.appium.java_client.android.AndroidDriver.execute(AndroidDriver.java:1)
	at org.openqa.selenium.remote.RemoteWebDriver.findElement(RemoteWebDriver.java:410)
	at io.appium.java_client.DefaultGenericMobileDriver.findElement(DefaultGenericMobileDriver.java:62)
	at io.appium.java_client.AppiumDriver.findElement(AppiumDriver.java:1)
	at io.appium.java_client.android.AndroidDriver.findElement(AndroidDriver.java:1)
	at org.openqa.selenium.remote.RemoteWebDriver.findElementById(RemoteWebDriver.java:453)
	at io.appium.java_client.DefaultGenericMobileDriver.findElementById(DefaultGenericMobileDriver.java:70)
	at io.appium.java_client.AppiumDriver.findElementById(AppiumDriver.java:1)
	at io.appium.java_client.android.AndroidDriver.findElementById(AndroidDriver.java:1)
	at org.openqa.selenium.By$ById.findElement(By.java:218)
	at org.openqa.selenium.remote.RemoteWebDriver.findElement(RemoteWebDriver.java:402)
	at io.appium.java_client.DefaultGenericMobileDriver.findElement(DefaultGenericMobileDriver.java:58)
	at io.appium.java_client.AppiumDriver.findElement(AppiumDriver.java:1)
	at io.appium.java_client.android.AndroidDriver.findElement(AndroidDriver.java:1)
	at test.scripts.Login.A_something_username(Login.java:38)
	at ?.Given A valid username(01Login.feature:5)
| Successful | valid | valid | can |  Time elapsed: 0.018 sec  <<< ERROR!
org.openqa.selenium.NoSuchElementException: An element could not be located on the page using the given search parameters. (WARNING: The server did not provide any stacktrace information)
Command duration or timeout: 27.35 seconds
For documentation on this error, please visit: http://seleniumhq.org/exceptions/no_such_element.html
Build info: version: '3.4.0', revision: 'unknown', time: 'unknown'
System info: host: 'DESKTOP-JK77KIE', ip: '192.168.52.2', os.name: 'Windows 10', os.arch: 'amd64', os.version: '10.0', java.version: '1.8.0_131'
Driver info: io.appium.java_client.android.AndroidDriver
Capabilities [{app=C:\Users\Walter\Desktop\Mocha + Cucumber\Evernote\Backup\evernoteTest/src/main/resources/Evernote.apk, appPackage=com.evernote, deviceScreenSize=1440x2560, networkConnectionEnabled=true, warnings={}, appWaitPackage=com.evernote, appWaitActivity=com.evernote.ui.HomeActivity, databaseEnabled=false, deviceName=ce0716079d5e2a1905, platform=LINUX, deviceUDID=ce0716079d5e2a1905, appActivity=com.evernote.ui.HomeActivity, desired={app=C:\Users\Walter\Desktop\Mocha + Cucumber\Evernote\Backup\evernoteTest/src/main/resources/Evernote.apk, platformVersion=7.0, platformName=Android, deviceName=ce0716079d5e2a1905}, platformVersion=7.0, webStorageEnabled=false, locationContextEnabled=false, takesScreenshot=true, javascriptEnabled=true, deviceModel=SM-G930F, platformName=Android, deviceManufacturer=samsung}]
Session ID: 6da1a7de-4f04-44ce-a062-97f97d5b2299
*** Element info: {Using=id, value=com.evernote:id/landing_email}
	at sun.reflect.NativeConstructorAccessorImpl.newInstance0(Native Method)
	at sun.reflect.NativeConstructorAccessorImpl.newInstance(NativeConstructorAccessorImpl.java:62)
	at sun.reflect.DelegatingConstructorAccessorImpl.newInstance(DelegatingConstructorAccessorImpl.java:45)
	at java.lang.reflect.Constructor.newInstance(Constructor.java:423)
	at org.openqa.selenium.remote.ErrorHandler.createThrowable(ErrorHandler.java:215)
	at org.openqa.selenium.remote.ErrorHandler.throwIfResponseFailed(ErrorHandler.java:167)
	at org.openqa.selenium.remote.RemoteWebDriver.execute(RemoteWebDriver.java:671)
	at io.appium.java_client.DefaultGenericMobileDriver.execute(DefaultGenericMobileDriver.java:42)
	at io.appium.java_client.AppiumDriver.execute(AppiumDriver.java:1)
	at io.appium.java_client.android.AndroidDriver.execute(AndroidDriver.java:1)
	at org.openqa.selenium.remote.RemoteWebDriver.findElement(RemoteWebDriver.java:410)
	at io.appium.java_client.DefaultGenericMobileDriver.findElement(DefaultGenericMobileDriver.java:62)
	at io.appium.java_client.AppiumDriver.findElement(AppiumDriver.java:1)
	at io.appium.java_client.android.AndroidDriver.findElement(AndroidDriver.java:1)
	at org.openqa.selenium.remote.RemoteWebDriver.findElementById(RemoteWebDriver.java:453)
	at io.appium.java_client.DefaultGenericMobileDriver.findElementById(DefaultGenericMobileDriver.java:70)
	at io.appium.java_client.AppiumDriver.findElementById(AppiumDriver.java:1)
	at io.appium.java_client.android.AndroidDriver.findElementById(AndroidDriver.java:1)
	at org.openqa.selenium.By$ById.findElement(By.java:218)
	at org.openqa.selenium.remote.RemoteWebDriver.findElement(RemoteWebDriver.java:402)
	at io.appium.java_client.DefaultGenericMobileDriver.findElement(DefaultGenericMobileDriver.java:58)
	at io.appium.java_client.AppiumDriver.findElement(AppiumDriver.java:1)
	at io.appium.java_client.android.AndroidDriver.findElement(AndroidDriver.java:1)
	at test.scripts.Login.A_something_username(Login.java:38)
	at ?.Given A valid username(01Login.feature:5)
When I go to settings(Scenario: logout)  Time elapsed: 0.031 sec  <<< ERROR!
org.openqa.selenium.NoSuchElementException: An element could not be located on the page using the given search parameters. (WARNING: The server did not provide any stacktrace information)
Command duration or timeout: 21.08 seconds
For documentation on this error, please visit: http://seleniumhq.org/exceptions/no_such_element.html
Build info: version: '3.4.0', revision: 'unknown', time: 'unknown'
System info: host: 'DESKTOP-JK77KIE', ip: '192.168.52.2', os.name: 'Windows 10', os.arch: 'amd64', os.version: '10.0', java.version: '1.8.0_131'
Driver info: io.appium.java_client.android.AndroidDriver
Capabilities [{app=C:\Users\Walter\Desktop\Mocha + Cucumber\Evernote\Backup\evernoteTest/src/main/resources/Evernote.apk, appPackage=com.evernote, deviceScreenSize=1440x2560, networkConnectionEnabled=true, warnings={}, appWaitPackage=com.evernote, appWaitActivity=com.evernote.ui.HomeActivity, databaseEnabled=false, deviceName=ce0716079d5e2a1905, platform=LINUX, deviceUDID=ce0716079d5e2a1905, appActivity=com.evernote.ui.HomeActivity, desired={app=C:\Users\Walter\Desktop\Mocha + Cucumber\Evernote\Backup\evernoteTest/src/main/resources/Evernote.apk, platformVersion=7.0, platformName=Android, deviceName=ce0716079d5e2a1905}, platformVersion=7.0, webStorageEnabled=false, locationContextEnabled=false, takesScreenshot=true, javascriptEnabled=true, deviceModel=SM-G930F, platformName=Android, deviceManufacturer=samsung}]
Session ID: 6da1a7de-4f04-44ce-a062-97f97d5b2299
*** Element info: {Using=id, value=com.evernote:id/overflow_icon}
	at sun.reflect.NativeConstructorAccessorImpl.newInstance0(Native Method)
	at sun.reflect.NativeConstructorAccessorImpl.newInstance(NativeConstructorAccessorImpl.java:62)
	at sun.reflect.DelegatingConstructorAccessorImpl.newInstance(DelegatingConstructorAccessorImpl.java:45)
	at java.lang.reflect.Constructor.newInstance(Constructor.java:423)
	at org.openqa.selenium.remote.ErrorHandler.createThrowable(ErrorHandler.java:215)
	at org.openqa.selenium.remote.ErrorHandler.throwIfResponseFailed(ErrorHandler.java:167)
	at org.openqa.selenium.remote.RemoteWebDriver.execute(RemoteWebDriver.java:671)
	at io.appium.java_client.DefaultGenericMobileDriver.execute(DefaultGenericMobileDriver.java:42)
	at io.appium.java_client.AppiumDriver.execute(AppiumDriver.java:1)
	at io.appium.java_client.android.AndroidDriver.execute(AndroidDriver.java:1)
	at org.openqa.selenium.remote.RemoteWebDriver.findElement(RemoteWebDriver.java:410)
	at io.appium.java_client.DefaultGenericMobileDriver.findElement(DefaultGenericMobileDriver.java:62)
	at io.appium.java_client.AppiumDriver.findElement(AppiumDriver.java:1)
	at io.appium.java_client.android.AndroidDriver.findElement(AndroidDriver.java:1)
	at org.openqa.selenium.remote.RemoteWebDriver.findElementById(RemoteWebDriver.java:453)
	at io.appium.java_client.DefaultGenericMobileDriver.findElementById(DefaultGenericMobileDriver.java:70)
	at io.appium.java_client.AppiumDriver.findElementById(AppiumDriver.java:1)
	at io.appium.java_client.android.AndroidDriver.findElementById(AndroidDriver.java:1)
	at test.scripts.Logout.I_go_to_settings(Logout.java:42)
	at ?.When I go to settings(02Logout.feature:6)
Scenario: logout  Time elapsed: 0.031 sec  <<< ERROR!
org.openqa.selenium.NoSuchElementException: An element could not be located on the page using the given search parameters. (WARNING: The server did not provide any stacktrace information)
Command duration or timeout: 21.08 seconds
For documentation on this error, please visit: http://seleniumhq.org/exceptions/no_such_element.html
Build info: version: '3.4.0', revision: 'unknown', time: 'unknown'
System info: host: 'DESKTOP-JK77KIE', ip: '192.168.52.2', os.name: 'Windows 10', os.arch: 'amd64', os.version: '10.0', java.version: '1.8.0_131'
Driver info: io.appium.java_client.android.AndroidDriver
Capabilities [{app=C:\Users\Walter\Desktop\Mocha + Cucumber\Evernote\Backup\evernoteTest/src/main/resources/Evernote.apk, appPackage=com.evernote, deviceScreenSize=1440x2560, networkConnectionEnabled=true, warnings={}, appWaitPackage=com.evernote, appWaitActivity=com.evernote.ui.HomeActivity, databaseEnabled=false, deviceName=ce0716079d5e2a1905, platform=LINUX, deviceUDID=ce0716079d5e2a1905, appActivity=com.evernote.ui.HomeActivity, desired={app=C:\Users\Walter\Desktop\Mocha + Cucumber\Evernote\Backup\evernoteTest/src/main/resources/Evernote.apk, platformVersion=7.0, platformName=Android, deviceName=ce0716079d5e2a1905}, platformVersion=7.0, webStorageEnabled=false, locationContextEnabled=false, takesScreenshot=true, javascriptEnabled=true, deviceModel=SM-G930F, platformName=Android, deviceManufacturer=samsung}]
Session ID: 6da1a7de-4f04-44ce-a062-97f97d5b2299
*** Element info: {Using=id, value=com.evernote:id/overflow_icon}
	at sun.reflect.NativeConstructorAccessorImpl.newInstance0(Native Method)
	at sun.reflect.NativeConstructorAccessorImpl.newInstance(NativeConstructorAccessorImpl.java:62)
	at sun.reflect.DelegatingConstructorAccessorImpl.newInstance(DelegatingConstructorAccessorImpl.java:45)
	at java.lang.reflect.Constructor.newInstance(Constructor.java:423)
	at org.openqa.selenium.remote.ErrorHandler.createThrowable(ErrorHandler.java:215)
	at org.openqa.selenium.remote.ErrorHandler.throwIfResponseFailed(ErrorHandler.java:167)
	at org.openqa.selenium.remote.RemoteWebDriver.execute(RemoteWebDriver.java:671)
	at io.appium.java_client.DefaultGenericMobileDriver.execute(DefaultGenericMobileDriver.java:42)
	at io.appium.java_client.AppiumDriver.execute(AppiumDriver.java:1)
	at io.appium.java_client.android.AndroidDriver.execute(AndroidDriver.java:1)
	at org.openqa.selenium.remote.RemoteWebDriver.findElement(RemoteWebDriver.java:410)
	at io.appium.java_client.DefaultGenericMobileDriver.findElement(DefaultGenericMobileDriver.java:62)
	at io.appium.java_client.AppiumDriver.findElement(AppiumDriver.java:1)
	at io.appium.java_client.android.AndroidDriver.findElement(AndroidDriver.java:1)
	at org.openqa.selenium.remote.RemoteWebDriver.findElementById(RemoteWebDriver.java:453)
	at io.appium.java_client.DefaultGenericMobileDriver.findElementById(DefaultGenericMobileDriver.java:70)
	at io.appium.java_client.AppiumDriver.findElementById(AppiumDriver.java:1)
	at io.appium.java_client.android.AndroidDriver.findElementById(AndroidDriver.java:1)
	at test.scripts.Logout.I_go_to_settings(Logout.java:42)
	at ?.When I go to settings(02Logout.feature:6)
